<?xml version="1.0" encoding="UTF-8"?>
<testng-results ignored="0" total="1" passed="1" failed="0" skipped="0">
  <reporter-output>
  </reporter-output>
  <suite started-at="2025-05-10T09:05:44Z" name="Default suite" finished-at="2025-05-10T09:05:48Z" duration-ms="4037">
    <groups>
    </groups>
    <test started-at="2025-05-10T09:05:44Z" name="Default test" finished-at="2025-05-10T09:05:48Z" duration-ms="4037">
      <class name="com.api.tests.UpdateProfileAPITest">
        <test-method signature="UpdateProfileTest()[pri:0, instance:com.api.tests.UpdateProfileAPITest@3d34d211]" started-at="2025-05-10T09:05:44Z" name="UpdateProfileTest" description="Verify if UpdateProfile API is working" finished-at="2025-05-10T09:05:48Z" duration-ms="3993" status="PASS">
          <reporter-output>
          </reporter-output>
        </test-method> <!-- UpdateProfileTest -->
      </class> <!-- com.api.tests.UpdateProfileAPITest -->
    </test> <!-- Default test -->
  </suite> <!-- Default suite -->
</testng-results>
